<?xml version="1.0" encoding="UTF-8"?>
<testng-results skipped="0" failed="0" ignored="0" total="2" passed="2">
  <reporter-output>
  </reporter-output>
  <suite name="Default suite" duration-ms="69" started-at="2023-05-07T07:50:33 IST" finished-at="2023-05-07T07:50:33 IST">
    <groups>
    </groups>
    <test name="Default test" duration-ms="69" started-at="2023-05-07T07:50:33 IST" finished-at="2023-05-07T07:50:33 IST">
      <class name="testng.TestNGExam">
        <test-method status="PASS" signature="tc1()[pri:0, instance:testng.TestNGExam@6737fd8f]" name="tc1" duration-ms="9" started-at="2023-05-07T07:50:33 IST" finished-at="2023-05-07T07:50:33 IST">
          <reporter-output>
          </reporter-output>
        </test-method> <!-- tc1 -->
        <test-method status="PASS" signature="tc2()[pri:0, instance:testng.TestNGExam@6737fd8f]" name="tc2" duration-ms="4" started-at="2023-05-07T07:50:33 IST" finished-at="2023-05-07T07:50:33 IST">
          <reporter-output>
          </reporter-output>
        </test-method> <!-- tc2 -->
      </class> <!-- testng.TestNGExam -->
    </test> <!-- Default test -->
  </suite> <!-- Default suite -->
</testng-results>
